starting build

**********************************************************************

Test build
build xv6 using make

**********************************************************************
Trying to build project using make
make xv6.img fs.img
gcc -fno-pic -static -fno-builtin -fno-strict-aliasing -O2 -Wall -MD -ggdb -m32 -Werror -fno-omit-frame-pointer -fno-stack-protector -fno-pie -no-pie -fno-pic -O -nostdinc -I. -c bootmain.c
gcc -fno-pic -static -fno-builtin -fno-strict-aliasing -O2 -Wall -MD -ggdb -m32 -Werror -fno-omit-frame-pointer -fno-stack-protector -fno-pie -no-pie -fno-pic -nostdinc -I. -c bootasm.S
ld -m    elf_i386 -N -e start -Ttext 0x7C00 -o bootblock.o bootasm.o bootmain.o
objdump -S bootblock.o > bootblock.asm
objcopy -S -O binary -j .text bootblock.o bootblock
./sign.pl bootblock
boot block is 451 bytes (max 510)
gcc -fno-pic -static -fno-builtin -fno-strict-aliasing -O2 -Wall -MD -ggdb -m32 -Werror -fno-omit-frame-pointer -fno-stack-protector -fno-pie -no-pie   -c -o bio.o bio.c
gcc -fno-pic -static -fno-builtin -fno-strict-aliasing -O2 -Wall -MD -ggdb -m32 -Werror -fno-omit-frame-pointer -fno-stack-protector -fno-pie -no-pie   -c -o console.o console.c
gcc -fno-pic -static -fno-builtin -fno-strict-aliasing -O2 -Wall -MD -ggdb -m32 -Werror -fno-omit-frame-pointer -fno-stack-protector -fno-pie -no-pie   -c -o exec.o exec.c
gcc -fno-pic -static -fno-builtin -fno-strict-aliasing -O2 -Wall -MD -ggdb -m32 -Werror -fno-omit-frame-pointer -fno-stack-protector -fno-pie -no-pie   -c -o file.o file.c
gcc -fno-pic -static -fno-builtin -fno-strict-aliasing -O2 -Wall -MD -ggdb -m32 -Werror -fno-omit-frame-pointer -fno-stack-protector -fno-pie -no-pie   -c -o fs.o fs.c
gcc -fno-pic -static -fno-builtin -fno-strict-aliasing -O2 -Wall -MD -ggdb -m32 -Werror -fno-omit-frame-pointer -fno-stack-protector -fno-pie -no-pie   -c -o ide.o ide.c
gcc -fno-pic -static -fno-builtin -fno-strict-aliasing -O2 -Wall -MD -ggdb -m32 -Werror -fno-omit-frame-pointer -fno-stack-protector -fno-pie -no-pie   -c -o ioapic.o ioapic.c
gcc -fno-pic -static -fno-builtin -fno-strict-aliasing -O2 -Wall -MD -ggdb -m32 -Werror -fno-omit-frame-pointer -fno-stack-protector -fno-pie -no-pie   -c -o kalloc.o kalloc.c
gcc -fno-pic -static -fno-builtin -fno-strict-aliasing -O2 -Wall -MD -ggdb -m32 -Werror -fno-omit-frame-pointer -fno-stack-protector -fno-pie -no-pie   -c -o kbd.o kbd.c
gcc -fno-pic -static -fno-builtin -fno-strict-aliasing -O2 -Wall -MD -ggdb -m32 -Werror -fno-omit-frame-pointer -fno-stack-protector -fno-pie -no-pie   -c -o lapic.o lapic.c
gcc -fno-pic -static -fno-builtin -fno-strict-aliasing -O2 -Wall -MD -ggdb -m32 -Werror -fno-omit-frame-pointer -fno-stack-protector -fno-pie -no-pie   -c -o log.o log.c
gcc -fno-pic -static -fno-builtin -fno-strict-aliasing -O2 -Wall -MD -ggdb -m32 -Werror -fno-omit-frame-pointer -fno-stack-protector -fno-pie -no-pie   -c -o main.o main.c
gcc -fno-pic -static -fno-builtin -fno-strict-aliasing -O2 -Wall -MD -ggdb -m32 -Werror -fno-omit-frame-pointer -fno-stack-protector -fno-pie -no-pie   -c -o mp.o mp.c
gcc -fno-pic -static -fno-builtin -fno-strict-aliasing -O2 -Wall -MD -ggdb -m32 -Werror -fno-omit-frame-pointer -fno-stack-protector -fno-pie -no-pie   -c -o picirq.o picirq.c
gcc -fno-pic -static -fno-builtin -fno-strict-aliasing -O2 -Wall -MD -ggdb -m32 -Werror -fno-omit-frame-pointer -fno-stack-protector -fno-pie -no-pie   -c -o pipe.o pipe.c
gcc -fno-pic -static -fno-builtin -fno-strict-aliasing -O2 -Wall -MD -ggdb -m32 -Werror -fno-omit-frame-pointer -fno-stack-protector -fno-pie -no-pie   -c -o proc.o proc.c
gcc -fno-pic -static -fno-builtin -fno-strict-aliasing -O2 -Wall -MD -ggdb -m32 -Werror -fno-omit-frame-pointer -fno-stack-protector -fno-pie -no-pie   -c -o sleeplock.o sleeplock.c
gcc -fno-pic -static -fno-builtin -fno-strict-aliasing -O2 -Wall -MD -ggdb -m32 -Werror -fno-omit-frame-pointer -fno-stack-protector -fno-pie -no-pie   -c -o spinlock.o spinlock.c
gcc -fno-pic -static -fno-builtin -fno-strict-aliasing -O2 -Wall -MD -ggdb -m32 -Werror -fno-omit-frame-pointer -fno-stack-protector -fno-pie -no-pie   -c -o string.o string.c
gcc -m32 -gdwarf-2 -Wa,-divide   -c -o swtch.o swtch.S
gcc -fno-pic -static -fno-builtin -fno-strict-aliasing -O2 -Wall -MD -ggdb -m32 -Werror -fno-omit-frame-pointer -fno-stack-protector -fno-pie -no-pie   -c -o syscall.o syscall.c
gcc -fno-pic -static -fno-builtin -fno-strict-aliasing -O2 -Wall -MD -ggdb -m32 -Werror -fno-omit-frame-pointer -fno-stack-protector -fno-pie -no-pie   -c -o sysfile.o sysfile.c
gcc -fno-pic -static -fno-builtin -fno-strict-aliasing -O2 -Wall -MD -ggdb -m32 -Werror -fno-omit-frame-pointer -fno-stack-protector -fno-pie -no-pie   -c -o sysproc.o sysproc.c
gcc -m32 -gdwarf-2 -Wa,-divide   -c -o trapasm.o trapasm.S
gcc -fno-pic -static -fno-builtin -fno-strict-aliasing -O2 -Wall -MD -ggdb -m32 -Werror -fno-omit-frame-pointer -fno-stack-protector -fno-pie -no-pie   -c -o trap.o trap.c
gcc -fno-pic -static -fno-builtin -fno-strict-aliasing -O2 -Wall -MD -ggdb -m32 -Werror -fno-omit-frame-pointer -fno-stack-protector -fno-pie -no-pie   -c -o uart.o uart.c
./vectors.pl > vectors.S
gcc -m32 -gdwarf-2 -Wa,-divide   -c -o vectors.o vectors.S
gcc -fno-pic -static -fno-builtin -fno-strict-aliasing -O2 -Wall -MD -ggdb -m32 -Werror -fno-omit-frame-pointer -fno-stack-protector -fno-pie -no-pie   -c -o vm.o vm.c
gcc -m32 -gdwarf-2 -Wa,-divide   -c -o entry.o entry.S
gcc -fno-pic -static -fno-builtin -fno-strict-aliasing -O2 -Wall -MD -ggdb -m32 -Werror -fno-omit-frame-pointer -fno-stack-protector -fno-pie -no-pie -fno-pic -nostdinc -I. -c entryother.S
ld -m    elf_i386 -N -e start -Ttext 0x7000 -o bootblockother.o entryother.o
objcopy -S -O binary -j .text bootblockother.o entryother
objdump -S bootblockother.o > entryother.asm
gcc -fno-pic -static -fno-builtin -fno-strict-aliasing -O2 -Wall -MD -ggdb -m32 -Werror -fno-omit-frame-pointer -fno-stack-protector -fno-pie -no-pie -nostdinc -I. -c initcode.S
ld -m    elf_i386 -N -e start -Ttext 0 -o initcode.out initcode.o
objcopy -S -O binary initcode.out initcode
objdump -S initcode.o > initcode.asm
ld -m    elf_i386 -T kernel.ld -o kernel entry.o bio.o console.o exec.o file.o fs.o ide.o ioapic.o kalloc.o kbd.o lapic.o log.o main.o mp.o picirq.o pipe.o proc.o sleeplock.o spinlock.o string.o swtch.o syscall.o sysfile.o sysproc.o trapasm.o trap.o uart.o vectors.o vm.o  -b binary initcode entryother
objdump -S kernel > kernel.asm
objdump -t kernel | sed '1,/SYMBOL TABLE/d; s/ .* / /; /^$/d' > kernel.sym
dd if=/dev/zero of=xv6.img count=10000
10000+0 records in
10000+0 records out
5120000 bytes (5.1 MB, 4.9 MiB) copied, 0.0104143 s, 492 MB/s
dd if=bootblock of=xv6.img conv=notrunc
1+0 records in
1+0 records out
512 bytes copied, 0.000189791 s, 2.7 MB/s
dd if=kernel of=xv6.img seek=1 conv=notrunc
393+1 records in
393+1 records out
201408 bytes (201 kB, 197 KiB) copied, 0.000405985 s, 496 MB/s
gcc -Werror -Wall -o mkfs mkfs.c
gcc -fno-pic -static -fno-builtin -fno-strict-aliasing -O2 -Wall -MD -ggdb -m32 -Werror -fno-omit-frame-pointer -fno-stack-protector -fno-pie -no-pie   -c -o ulib.o ulib.c
gcc -m32 -gdwarf-2 -Wa,-divide   -c -o usys.o usys.S
gcc -fno-pic -static -fno-builtin -fno-strict-aliasing -O2 -Wall -MD -ggdb -m32 -Werror -fno-omit-frame-pointer -fno-stack-protector -fno-pie -no-pie   -c -o printf.o printf.c
gcc -fno-pic -static -fno-builtin -fno-strict-aliasing -O2 -Wall -MD -ggdb -m32 -Werror -fno-omit-frame-pointer -fno-stack-protector -fno-pie -no-pie   -c -o umalloc.o umalloc.c
gcc -fno-pic -static -fno-builtin -fno-strict-aliasing -O2 -Wall -MD -ggdb -m32 -Werror -fno-omit-frame-pointer -fno-stack-protector -fno-pie -no-pie   -c -o cat.o cat.c
ld -m    elf_i386 -N -e main -Ttext 0 -o _cat cat.o ulib.o usys.o printf.o umalloc.o
objdump -S _cat > cat.asm
objdump -t _cat | sed '1,/SYMBOL TABLE/d; s/ .* / /; /^$/d' > cat.sym
gcc -fno-pic -static -fno-builtin -fno-strict-aliasing -O2 -Wall -MD -ggdb -m32 -Werror -fno-omit-frame-pointer -fno-stack-protector -fno-pie -no-pie   -c -o echo.o echo.c
ld -m    elf_i386 -N -e main -Ttext 0 -o _echo echo.o ulib.o usys.o printf.o umalloc.o
objdump -S _echo > echo.asm
objdump -t _echo | sed '1,/SYMBOL TABLE/d; s/ .* / /; /^$/d' > echo.sym
gcc -fno-pic -static -fno-builtin -fno-strict-aliasing -O2 -Wall -MD -ggdb -m32 -Werror -fno-omit-frame-pointer -fno-stack-protector -fno-pie -no-pie   -c -o forktest.o forktest.c
# forktest has less library code linked in - needs to be small
# in order to be able to max out the proc table.
ld -m    elf_i386 -N -e main -Ttext 0 -o _forktest forktest.o ulib.o usys.o
objdump -S _forktest > forktest.asm
gcc -fno-pic -static -fno-builtin -fno-strict-aliasing -O2 -Wall -MD -ggdb -m32 -Werror -fno-omit-frame-pointer -fno-stack-protector -fno-pie -no-pie   -c -o grep.o grep.c
ld -m    elf_i386 -N -e main -Ttext 0 -o _grep grep.o ulib.o usys.o printf.o umalloc.o
objdump -S _grep > grep.asm
objdump -t _grep | sed '1,/SYMBOL TABLE/d; s/ .* / /; /^$/d' > grep.sym
gcc -fno-pic -static -fno-builtin -fno-strict-aliasing -O2 -Wall -MD -ggdb -m32 -Werror -fno-omit-frame-pointer -fno-stack-protector -fno-pie -no-pie   -c -o init.o init.c
ld -m    elf_i386 -N -e main -Ttext 0 -o _init init.o ulib.o usys.o printf.o umalloc.o
objdump -S _init > init.asm
objdump -t _init | sed '1,/SYMBOL TABLE/d; s/ .* / /; /^$/d' > init.sym
gcc -fno-pic -static -fno-builtin -fno-strict-aliasing -O2 -Wall -MD -ggdb -m32 -Werror -fno-omit-frame-pointer -fno-stack-protector -fno-pie -no-pie   -c -o kill.o kill.c
ld -m    elf_i386 -N -e main -Ttext 0 -o _kill kill.o ulib.o usys.o printf.o umalloc.o
objdump -S _kill > kill.asm
objdump -t _kill | sed '1,/SYMBOL TABLE/d; s/ .* / /; /^$/d' > kill.sym
gcc -fno-pic -static -fno-builtin -fno-strict-aliasing -O2 -Wall -MD -ggdb -m32 -Werror -fno-omit-frame-pointer -fno-stack-protector -fno-pie -no-pie   -c -o ln.o ln.c
ld -m    elf_i386 -N -e main -Ttext 0 -o _ln ln.o ulib.o usys.o printf.o umalloc.o
objdump -S _ln > ln.asm
objdump -t _ln | sed '1,/SYMBOL TABLE/d; s/ .* / /; /^$/d' > ln.sym
gcc -fno-pic -static -fno-builtin -fno-strict-aliasing -O2 -Wall -MD -ggdb -m32 -Werror -fno-omit-frame-pointer -fno-stack-protector -fno-pie -no-pie   -c -o ls.o ls.c
ld -m    elf_i386 -N -e main -Ttext 0 -o _ls ls.o ulib.o usys.o printf.o umalloc.o
objdump -S _ls > ls.asm
objdump -t _ls | sed '1,/SYMBOL TABLE/d; s/ .* / /; /^$/d' > ls.sym
gcc -fno-pic -static -fno-builtin -fno-strict-aliasing -O2 -Wall -MD -ggdb -m32 -Werror -fno-omit-frame-pointer -fno-stack-protector -fno-pie -no-pie   -c -o mkdir.o mkdir.c
ld -m    elf_i386 -N -e main -Ttext 0 -o _mkdir mkdir.o ulib.o usys.o printf.o umalloc.o
objdump -S _mkdir > mkdir.asm
objdump -t _mkdir | sed '1,/SYMBOL TABLE/d; s/ .* / /; /^$/d' > mkdir.sym
gcc -fno-pic -static -fno-builtin -fno-strict-aliasing -O2 -Wall -MD -ggdb -m32 -Werror -fno-omit-frame-pointer -fno-stack-protector -fno-pie -no-pie   -c -o rm.o rm.c
ld -m    elf_i386 -N -e main -Ttext 0 -o _rm rm.o ulib.o usys.o printf.o umalloc.o
objdump -S _rm > rm.asm
objdump -t _rm | sed '1,/SYMBOL TABLE/d; s/ .* / /; /^$/d' > rm.sym
gcc -fno-pic -static -fno-builtin -fno-strict-aliasing -O2 -Wall -MD -ggdb -m32 -Werror -fno-omit-frame-pointer -fno-stack-protector -fno-pie -no-pie   -c -o sh.o sh.c
ld -m    elf_i386 -N -e main -Ttext 0 -o _sh sh.o ulib.o usys.o printf.o umalloc.o
objdump -S _sh > sh.asm
objdump -t _sh | sed '1,/SYMBOL TABLE/d; s/ .* / /; /^$/d' > sh.sym
gcc -fno-pic -static -fno-builtin -fno-strict-aliasing -O2 -Wall -MD -ggdb -m32 -Werror -fno-omit-frame-pointer -fno-stack-protector -fno-pie -no-pie   -c -o stressfs.o stressfs.c
ld -m    elf_i386 -N -e main -Ttext 0 -o _stressfs stressfs.o ulib.o usys.o printf.o umalloc.o
objdump -S _stressfs > stressfs.asm
objdump -t _stressfs | sed '1,/SYMBOL TABLE/d; s/ .* / /; /^$/d' > stressfs.sym
gcc -fno-pic -static -fno-builtin -fno-strict-aliasing -O2 -Wall -MD -ggdb -m32 -Werror -fno-omit-frame-pointer -fno-stack-protector -fno-pie -no-pie   -c -o usertests.o usertests.c
ld -m    elf_i386 -N -e main -Ttext 0 -o _usertests usertests.o ulib.o usys.o printf.o umalloc.o
objdump -S _usertests > usertests.asm
objdump -t _usertests | sed '1,/SYMBOL TABLE/d; s/ .* / /; /^$/d' > usertests.sym
gcc -fno-pic -static -fno-builtin -fno-strict-aliasing -O2 -Wall -MD -ggdb -m32 -Werror -fno-omit-frame-pointer -fno-stack-protector -fno-pie -no-pie   -c -o wc.o wc.c
ld -m    elf_i386 -N -e main -Ttext 0 -o _wc wc.o ulib.o usys.o printf.o umalloc.o
objdump -S _wc > wc.asm
objdump -t _wc | sed '1,/SYMBOL TABLE/d; s/ .* / /; /^$/d' > wc.sym
gcc -fno-pic -static -fno-builtin -fno-strict-aliasing -O2 -Wall -MD -ggdb -m32 -Werror -fno-omit-frame-pointer -fno-stack-protector -fno-pie -no-pie   -c -o zombie.o zombie.c
ld -m    elf_i386 -N -e main -Ttext 0 -o _zombie zombie.o ulib.o usys.o printf.o umalloc.o
objdump -S _zombie > zombie.asm
objdump -t _zombie | sed '1,/SYMBOL TABLE/d; s/ .* / /; /^$/d' > zombie.sym
./mkfs fs.img README _cat _echo _forktest _grep _init _kill _ln _ls _mkdir _rm _sh _stressfs _usertests _wc _zombie 
nmeta 59 (boot, super, log blocks 30 inode blocks 26, bitmap blocks 1) blocks 941 total 1000
balloc: first 639 blocks have been allocated
balloc: write bitmap block at sector 58


test build PASSED
 (build xv6 using make)

starting test_1

**********************************************************************

Test test_1
Simple mmap with MAP_ANON | MAP_FIXED

**********************************************************************
Running xv6 user progam /home/cs537-1/tests/P5/ctests/test_1.c
Trying to build project using make
make xv6.img fs.img
/tmp/tmp4qg87fqn/p/Makefile
/tmp/tmp4qg87fqn/p/Makefile.test
make: 'xv6.img' is up to date.
make: 'fs.img' is up to date.
make qemu-nox CPUS=1
gcc -fno-pic -static -fno-builtin -fno-strict-aliasing -O2 -Wall -MD -ggdb -m32 -Werror -fno-omit-frame-pointer -fno-stack-protector -fno-pie -no-pie   -c -o tester.o tester.c
[01m[Ktester.c:4:10:[m[K [01;31m[Kfatal error: [m[Kmmap.h: No such file or directory
    4 | #include [01;31m[K"mmap.h"[m[K
      |          [01;31m[K^~~~~~~~[m[K
compilation terminated.
make: *** [<builtin>: tester.o] Error 1
Traceback (most recent call last):
  File "/home/cs537-1/tests/P5/testing/pexpect.py", line 828, in read_nonblocking
    s = os.read(self.child_fd, size)
OSError: [Errno 5] Input/output error

During handling of the above exception, another exception occurred:

Traceback (most recent call last):
  File "/home/cs537-1/tests/P5/testing/pexpect.py", line 1377, in expect_loop
    c = self.read_nonblocking (self.maxread, timeout)
  File "/home/cs537-1/tests/P5/testing/pexpect.py", line 829, in read_nonblocking
    except OSError(e): # Linux does this
TypeError: catching classes that do not inherit from BaseException is not allowed

During handling of the above exception, another exception occurred:

NameError: name 'e' is not defined


test test_1 FAILED (0 of 1)
 (Simple mmap with MAP_ANON | MAP_FIXED)
 Unexpected exception name 'e' is not defined

starting test_2

**********************************************************************

Test test_2
Simple mmap/munmap with MAP_ANON | MAP_FIXED

**********************************************************************
Running xv6 user progam /home/cs537-1/tests/P5/ctests/test_2.c
Trying to build project using make
make xv6.img fs.img
/tmp/tmp4qg87fqn/p/Makefile
/tmp/tmp4qg87fqn/p/Makefile.test
make: 'xv6.img' is up to date.
make: 'fs.img' is up to date.
make qemu-nox CPUS=1
gcc -fno-pic -static -fno-builtin -fno-strict-aliasing -O2 -Wall -MD -ggdb -m32 -Werror -fno-omit-frame-pointer -fno-stack-protector -fno-pie -no-pie   -c -o tester.o tester.c
[01m[Ktester.c:4:10:[m[K [01;31m[Kfatal error: [m[Kmmap.h: No such file or directory
    4 | #include [01;31m[K"mmap.h"[m[K
      |          [01;31m[K^~~~~~~~[m[K
compilation terminated.
make: *** [<builtin>: tester.o] Error 1
Traceback (most recent call last):
  File "/home/cs537-1/tests/P5/testing/pexpect.py", line 828, in read_nonblocking
    s = os.read(self.child_fd, size)
OSError: [Errno 5] Input/output error

During handling of the above exception, another exception occurred:

Traceback (most recent call last):
  File "/home/cs537-1/tests/P5/testing/pexpect.py", line 1377, in expect_loop
    c = self.read_nonblocking (self.maxread, timeout)
  File "/home/cs537-1/tests/P5/testing/pexpect.py", line 829, in read_nonblocking
    except OSError(e): # Linux does this
TypeError: catching classes that do not inherit from BaseException is not allowed

During handling of the above exception, another exception occurred:

NameError: name 'e' is not defined


test test_2 FAILED (0 of 1)
 (Simple mmap/munmap with MAP_ANON | MAP_FIXED)
 Unexpected exception name 'e' is not defined

starting test_3

**********************************************************************

Test test_3
Access the mmap memory allocated with MAP_ANON | MAP_FIXED, then munmap

**********************************************************************
Running xv6 user progam /home/cs537-1/tests/P5/ctests/test_3.c
Trying to build project using make
make xv6.img fs.img
/tmp/tmp4qg87fqn/p/Makefile
/tmp/tmp4qg87fqn/p/Makefile.test
make: 'xv6.img' is up to date.
make: 'fs.img' is up to date.
make qemu-nox CPUS=1
gcc -fno-pic -static -fno-builtin -fno-strict-aliasing -O2 -Wall -MD -ggdb -m32 -Werror -fno-omit-frame-pointer -fno-stack-protector -fno-pie -no-pie   -c -o tester.o tester.c
[01m[Ktester.c:4:10:[m[K [01;31m[Kfatal error: [m[Kmmap.h: No such file or directory
    4 | #include [01;31m[K"mmap.h"[m[K
      |          [01;31m[K^~~~~~~~[m[K
compilation terminated.
make: *** [<builtin>: tester.o] Error 1
Traceback (most recent call last):
  File "/home/cs537-1/tests/P5/testing/pexpect.py", line 828, in read_nonblocking
    s = os.read(self.child_fd, size)
OSError: [Errno 5] Input/output error

During handling of the above exception, another exception occurred:

Traceback (most recent call last):
  File "/home/cs537-1/tests/P5/testing/pexpect.py", line 1377, in expect_loop
    c = self.read_nonblocking (self.maxread, timeout)
  File "/home/cs537-1/tests/P5/testing/pexpect.py", line 829, in read_nonblocking
    except OSError(e): # Linux does this
TypeError: catching classes that do not inherit from BaseException is not allowed

During handling of the above exception, another exception occurred:

NameError: name 'e' is not defined


test test_3 FAILED (0 of 1)
 (Access the mmap memory allocated with MAP_ANON | MAP_FIXED, then munmap)
 Unexpected exception name 'e' is not defined

starting test_4

**********************************************************************

Test test_4
Try mmap MAP_ANON without MAP_FIXED

**********************************************************************
Running xv6 user progam /home/cs537-1/tests/P5/ctests/test_4.c
Trying to build project using make
make xv6.img fs.img
/tmp/tmp4qg87fqn/p/Makefile
/tmp/tmp4qg87fqn/p/Makefile.test
make: 'xv6.img' is up to date.
make: 'fs.img' is up to date.
make qemu-nox CPUS=1
gcc -fno-pic -static -fno-builtin -fno-strict-aliasing -O2 -Wall -MD -ggdb -m32 -Werror -fno-omit-frame-pointer -fno-stack-protector -fno-pie -no-pie   -c -o tester.o tester.c
[01m[Ktester.c:4:10:[m[K [01;31m[Kfatal error: [m[Kmmap.h: No such file or directory
    4 | #include [01;31m[K"mmap.h"[m[K
      |          [01;31m[K^~~~~~~~[m[K
compilation terminated.
make: *** [<builtin>: tester.o] Error 1
Traceback (most recent call last):
  File "/home/cs537-1/tests/P5/testing/pexpect.py", line 828, in read_nonblocking
    s = os.read(self.child_fd, size)
OSError: [Errno 5] Input/output error

During handling of the above exception, another exception occurred:

Traceback (most recent call last):
  File "/home/cs537-1/tests/P5/testing/pexpect.py", line 1377, in expect_loop
    c = self.read_nonblocking (self.maxread, timeout)
  File "/home/cs537-1/tests/P5/testing/pexpect.py", line 829, in read_nonblocking
    except OSError(e): # Linux does this
TypeError: catching classes that do not inherit from BaseException is not allowed

During handling of the above exception, another exception occurred:

NameError: name 'e' is not defined


test test_4 FAILED (0 of 1)
 (Try mmap MAP_ANON without MAP_FIXED)
 Unexpected exception name 'e' is not defined

starting test_5

**********************************************************************

Test test_5
Try to allocate memory with MAP_FIXED at an illegal address

**********************************************************************
Running xv6 user progam /home/cs537-1/tests/P5/ctests/test_5.c
Trying to build project using make
make xv6.img fs.img
/tmp/tmp4qg87fqn/p/Makefile
/tmp/tmp4qg87fqn/p/Makefile.test
make: 'xv6.img' is up to date.
make: 'fs.img' is up to date.
make qemu-nox CPUS=1
gcc -fno-pic -static -fno-builtin -fno-strict-aliasing -O2 -Wall -MD -ggdb -m32 -Werror -fno-omit-frame-pointer -fno-stack-protector -fno-pie -no-pie   -c -o tester.o tester.c
[01m[Ktester.c:4:10:[m[K [01;31m[Kfatal error: [m[Kmmap.h: No such file or directory
    4 | #include [01;31m[K"mmap.h"[m[K
      |          [01;31m[K^~~~~~~~[m[K
compilation terminated.
make: *** [<builtin>: tester.o] Error 1
Traceback (most recent call last):
  File "/home/cs537-1/tests/P5/testing/pexpect.py", line 828, in read_nonblocking
    s = os.read(self.child_fd, size)
OSError: [Errno 5] Input/output error

During handling of the above exception, another exception occurred:

Traceback (most recent call last):
  File "/home/cs537-1/tests/P5/testing/pexpect.py", line 1377, in expect_loop
    c = self.read_nonblocking (self.maxread, timeout)
  File "/home/cs537-1/tests/P5/testing/pexpect.py", line 829, in read_nonblocking
    except OSError(e): # Linux does this
TypeError: catching classes that do not inherit from BaseException is not allowed

During handling of the above exception, another exception occurred:

NameError: name 'e' is not defined


test test_5 FAILED (0 of 1)
 (Try to allocate memory with MAP_FIXED at an illegal address)
 Unexpected exception name 'e' is not defined

starting test_6

**********************************************************************

Test test_6
mmap a file

**********************************************************************
Running xv6 user progam /home/cs537-1/tests/P5/ctests/test_6.c
Trying to build project using make
make xv6.img fs.img
/tmp/tmp4qg87fqn/p/Makefile
/tmp/tmp4qg87fqn/p/Makefile.test
make: 'xv6.img' is up to date.
make: 'fs.img' is up to date.
make qemu-nox CPUS=1
gcc -fno-pic -static -fno-builtin -fno-strict-aliasing -O2 -Wall -MD -ggdb -m32 -Werror -fno-omit-frame-pointer -fno-stack-protector -fno-pie -no-pie   -c -o tester.o tester.c
[01m[Ktester.c:4:10:[m[K [01;31m[Kfatal error: [m[Kmmap.h: No such file or directory
    4 | #include [01;31m[K"mmap.h"[m[K
      |          [01;31m[K^~~~~~~~[m[K
compilation terminated.
make: *** [<builtin>: tester.o] Error 1
Traceback (most recent call last):
  File "/home/cs537-1/tests/P5/testing/pexpect.py", line 828, in read_nonblocking
    s = os.read(self.child_fd, size)
OSError: [Errno 5] Input/output error

During handling of the above exception, another exception occurred:

Traceback (most recent call last):
  File "/home/cs537-1/tests/P5/testing/pexpect.py", line 1377, in expect_loop
    c = self.read_nonblocking (self.maxread, timeout)
  File "/home/cs537-1/tests/P5/testing/pexpect.py", line 829, in read_nonblocking
    except OSError(e): # Linux does this
TypeError: catching classes that do not inherit from BaseException is not allowed

During handling of the above exception, another exception occurred:

NameError: name 'e' is not defined


test test_6 FAILED (0 of 1)
 (mmap a file)
 Unexpected exception name 'e' is not defined

starting test_7

**********************************************************************

Test test_7
Changes to the mmapped memory should be reflected in file after munmap

**********************************************************************
Running xv6 user progam /home/cs537-1/tests/P5/ctests/test_7.c
Trying to build project using make
make xv6.img fs.img
/tmp/tmp4qg87fqn/p/Makefile
/tmp/tmp4qg87fqn/p/Makefile.test
make: 'xv6.img' is up to date.
make: 'fs.img' is up to date.
make qemu-nox CPUS=1
gcc -fno-pic -static -fno-builtin -fno-strict-aliasing -O2 -Wall -MD -ggdb -m32 -Werror -fno-omit-frame-pointer -fno-stack-protector -fno-pie -no-pie   -c -o tester.o tester.c
[01m[Ktester.c:4:10:[m[K [01;31m[Kfatal error: [m[Kmmap.h: No such file or directory
    4 | #include [01;31m[K"mmap.h"[m[K
      |          [01;31m[K^~~~~~~~[m[K
compilation terminated.
make: *** [<builtin>: tester.o] Error 1
Traceback (most recent call last):
  File "/home/cs537-1/tests/P5/testing/pexpect.py", line 828, in read_nonblocking
    s = os.read(self.child_fd, size)
OSError: [Errno 5] Input/output error

During handling of the above exception, another exception occurred:

Traceback (most recent call last):
  File "/home/cs537-1/tests/P5/testing/pexpect.py", line 1377, in expect_loop
    c = self.read_nonblocking (self.maxread, timeout)
  File "/home/cs537-1/tests/P5/testing/pexpect.py", line 829, in read_nonblocking
    except OSError(e): # Linux does this
TypeError: catching classes that do not inherit from BaseException is not allowed

During handling of the above exception, another exception occurred:

NameError: name 'e' is not defined


test test_7 FAILED (0 of 1)
 (Changes to the mmapped memory should be reflected in file after munmap)
 Unexpected exception name 'e' is not defined

starting test_8

**********************************************************************

Test test_8
MAP_GROWSUP that adds a single page to anonymous mapping

**********************************************************************
Running xv6 user progam /home/cs537-1/tests/P5/ctests/test_8.c
Trying to build project using make
make xv6.img fs.img
/tmp/tmp4qg87fqn/p/Makefile
/tmp/tmp4qg87fqn/p/Makefile.test
make: 'xv6.img' is up to date.
make: 'fs.img' is up to date.
make qemu-nox CPUS=1
gcc -fno-pic -static -fno-builtin -fno-strict-aliasing -O2 -Wall -MD -ggdb -m32 -Werror -fno-omit-frame-pointer -fno-stack-protector -fno-pie -no-pie   -c -o tester.o tester.c
[01m[Ktester.c:4:10:[m[K [01;31m[Kfatal error: [m[Kmmap.h: No such file or directory
    4 | #include [01;31m[K"mmap.h"[m[K
      |          [01;31m[K^~~~~~~~[m[K
compilation terminated.
make: *** [<builtin>: tester.o] Error 1
Traceback (most recent call last):
  File "/home/cs537-1/tests/P5/testing/pexpect.py", line 828, in read_nonblocking
    s = os.read(self.child_fd, size)
OSError: [Errno 5] Input/output error

During handling of the above exception, another exception occurred:

Traceback (most recent call last):
  File "/home/cs537-1/tests/P5/testing/pexpect.py", line 1377, in expect_loop
    c = self.read_nonblocking (self.maxread, timeout)
  File "/home/cs537-1/tests/P5/testing/pexpect.py", line 829, in read_nonblocking
    except OSError(e): # Linux does this
TypeError: catching classes that do not inherit from BaseException is not allowed

During handling of the above exception, another exception occurred:

NameError: name 'e' is not defined


test test_8 FAILED (0 of 1)
 (MAP_GROWSUP that adds a single page to anonymous mapping)
 Unexpected exception name 'e' is not defined

starting test_9

**********************************************************************

Test test_9
MAP_GROWSUP with file-backed mapping

**********************************************************************
Running xv6 user progam /home/cs537-1/tests/P5/ctests/test_9.c
Trying to build project using make
make xv6.img fs.img
/tmp/tmp4qg87fqn/p/Makefile
/tmp/tmp4qg87fqn/p/Makefile.test
make: 'xv6.img' is up to date.
make: 'fs.img' is up to date.
make qemu-nox CPUS=1
gcc -fno-pic -static -fno-builtin -fno-strict-aliasing -O2 -Wall -MD -ggdb -m32 -Werror -fno-omit-frame-pointer -fno-stack-protector -fno-pie -no-pie   -c -o tester.o tester.c
[01m[Ktester.c:4:10:[m[K [01;31m[Kfatal error: [m[Kmmap.h: No such file or directory
    4 | #include [01;31m[K"mmap.h"[m[K
      |          [01;31m[K^~~~~~~~[m[K
compilation terminated.
make: *** [<builtin>: tester.o] Error 1
Traceback (most recent call last):
  File "/home/cs537-1/tests/P5/testing/pexpect.py", line 828, in read_nonblocking
    s = os.read(self.child_fd, size)
OSError: [Errno 5] Input/output error

During handling of the above exception, another exception occurred:

Traceback (most recent call last):
  File "/home/cs537-1/tests/P5/testing/pexpect.py", line 1377, in expect_loop
    c = self.read_nonblocking (self.maxread, timeout)
  File "/home/cs537-1/tests/P5/testing/pexpect.py", line 829, in read_nonblocking
    except OSError(e): # Linux does this
TypeError: catching classes that do not inherit from BaseException is not allowed

During handling of the above exception, another exception occurred:

NameError: name 'e' is not defined


test test_9 FAILED (0 of 1)
 (MAP_GROWSUP with file-backed mapping)
 Unexpected exception name 'e' is not defined

starting test_10

**********************************************************************

Test test_10
Try growing memory without MAP_GROWSUP - should segfault

**********************************************************************
Running xv6 user progam /home/cs537-1/tests/P5/ctests/test_10.c
Trying to build project using make
make xv6.img fs.img
/tmp/tmp4qg87fqn/p/Makefile
/tmp/tmp4qg87fqn/p/Makefile.test
make: 'xv6.img' is up to date.
make: 'fs.img' is up to date.
make qemu-nox CPUS=1
gcc -fno-pic -static -fno-builtin -fno-strict-aliasing -O2 -Wall -MD -ggdb -m32 -Werror -fno-omit-frame-pointer -fno-stack-protector -fno-pie -no-pie   -c -o tester.o tester.c
[01m[Ktester.c:4:10:[m[K [01;31m[Kfatal error: [m[Kmmap.h: No such file or directory
    4 | #include [01;31m[K"mmap.h"[m[K
      |          [01;31m[K^~~~~~~~[m[K
compilation terminated.
make: *** [<builtin>: tester.o] Error 1
Traceback (most recent call last):
  File "/home/cs537-1/tests/P5/testing/pexpect.py", line 828, in read_nonblocking
    s = os.read(self.child_fd, size)
OSError: [Errno 5] Input/output error

During handling of the above exception, another exception occurred:

Traceback (most recent call last):
  File "/home/cs537-1/tests/P5/testing/pexpect.py", line 1377, in expect_loop
    c = self.read_nonblocking (self.maxread, timeout)
  File "/home/cs537-1/tests/P5/testing/pexpect.py", line 829, in read_nonblocking
    except OSError(e): # Linux does this
TypeError: catching classes that do not inherit from BaseException is not allowed

During handling of the above exception, another exception occurred:

NameError: name 'e' is not defined


test test_10 FAILED (0 of 1)
 (Try growing memory without MAP_GROWSUP - should segfault)
 Unexpected exception name 'e' is not defined

starting test_11

**********************************************************************

Test test_11
Two MAP_GROWSUP mappings with a single guard page in between - the lower should not extend

**********************************************************************
Running xv6 user progam /home/cs537-1/tests/P5/ctests/test_11.c
Trying to build project using make
make xv6.img fs.img
/tmp/tmp4qg87fqn/p/Makefile
/tmp/tmp4qg87fqn/p/Makefile.test
make: 'xv6.img' is up to date.
make: 'fs.img' is up to date.
make qemu-nox CPUS=1
gcc -fno-pic -static -fno-builtin -fno-strict-aliasing -O2 -Wall -MD -ggdb -m32 -Werror -fno-omit-frame-pointer -fno-stack-protector -fno-pie -no-pie   -c -o tester.o tester.c
[01m[Ktester.c:4:10:[m[K [01;31m[Kfatal error: [m[Kmmap.h: No such file or directory
    4 | #include [01;31m[K"mmap.h"[m[K
      |          [01;31m[K^~~~~~~~[m[K
compilation terminated.
make: *** [<builtin>: tester.o] Error 1
Traceback (most recent call last):
  File "/home/cs537-1/tests/P5/testing/pexpect.py", line 828, in read_nonblocking
    s = os.read(self.child_fd, size)
OSError: [Errno 5] Input/output error

During handling of the above exception, another exception occurred:

Traceback (most recent call last):
  File "/home/cs537-1/tests/P5/testing/pexpect.py", line 1377, in expect_loop
    c = self.read_nonblocking (self.maxread, timeout)
  File "/home/cs537-1/tests/P5/testing/pexpect.py", line 829, in read_nonblocking
    except OSError(e): # Linux does this
TypeError: catching classes that do not inherit from BaseException is not allowed

During handling of the above exception, another exception occurred:

NameError: name 'e' is not defined


test test_11 FAILED (0 of 1)
 (Two MAP_GROWSUP mappings with a single guard page in between - the lower should not extend)
 Unexpected exception name 'e' is not defined

starting test_12

**********************************************************************

Test test_12
Child access to parent mmap

**********************************************************************
Running xv6 user progam /home/cs537-1/tests/P5/ctests/test_12.c
Trying to build project using make
make xv6.img fs.img
/tmp/tmp4qg87fqn/p/Makefile
/tmp/tmp4qg87fqn/p/Makefile.test
make: 'xv6.img' is up to date.
make: 'fs.img' is up to date.
make qemu-nox CPUS=1
gcc -fno-pic -static -fno-builtin -fno-strict-aliasing -O2 -Wall -MD -ggdb -m32 -Werror -fno-omit-frame-pointer -fno-stack-protector -fno-pie -no-pie   -c -o tester.o tester.c
[01m[Ktester.c:4:10:[m[K [01;31m[Kfatal error: [m[Kmmap.h: No such file or directory
    4 | #include [01;31m[K"mmap.h"[m[K
      |          [01;31m[K^~~~~~~~[m[K
compilation terminated.
make: *** [<builtin>: tester.o] Error 1
Traceback (most recent call last):
  File "/home/cs537-1/tests/P5/testing/pexpect.py", line 828, in read_nonblocking
    s = os.read(self.child_fd, size)
OSError: [Errno 5] Input/output error

During handling of the above exception, another exception occurred:

Traceback (most recent call last):
  File "/home/cs537-1/tests/P5/testing/pexpect.py", line 1377, in expect_loop
    c = self.read_nonblocking (self.maxread, timeout)
  File "/home/cs537-1/tests/P5/testing/pexpect.py", line 829, in read_nonblocking
    except OSError(e): # Linux does this
TypeError: catching classes that do not inherit from BaseException is not allowed

During handling of the above exception, another exception occurred:

NameError: name 'e' is not defined


test test_12 FAILED (0 of 1)
 (Child access to parent mmap)
 Unexpected exception name 'e' is not defined

starting test_13

**********************************************************************

Test test_13
Changes made to mmapped memory should not be reflected in file when MAP_PRIVATE is set

**********************************************************************
Running xv6 user progam /home/cs537-1/tests/P5/ctests/test_13.c
Trying to build project using make
make xv6.img fs.img
/tmp/tmp4qg87fqn/p/Makefile
/tmp/tmp4qg87fqn/p/Makefile.test
make: 'xv6.img' is up to date.
make: 'fs.img' is up to date.
make qemu-nox CPUS=1
gcc -fno-pic -static -fno-builtin -fno-strict-aliasing -O2 -Wall -MD -ggdb -m32 -Werror -fno-omit-frame-pointer -fno-stack-protector -fno-pie -no-pie   -c -o tester.o tester.c
[01m[Ktester.c:4:10:[m[K [01;31m[Kfatal error: [m[Kmmap.h: No such file or directory
    4 | #include [01;31m[K"mmap.h"[m[K
      |          [01;31m[K^~~~~~~~[m[K
compilation terminated.
make: *** [<builtin>: tester.o] Error 1
Traceback (most recent call last):
  File "/home/cs537-1/tests/P5/testing/pexpect.py", line 828, in read_nonblocking
    s = os.read(self.child_fd, size)
OSError: [Errno 5] Input/output error

During handling of the above exception, another exception occurred:

Traceback (most recent call last):
  File "/home/cs537-1/tests/P5/testing/pexpect.py", line 1377, in expect_loop
    c = self.read_nonblocking (self.maxread, timeout)
  File "/home/cs537-1/tests/P5/testing/pexpect.py", line 829, in read_nonblocking
    except OSError(e): # Linux does this
TypeError: catching classes that do not inherit from BaseException is not allowed

During handling of the above exception, another exception occurred:

NameError: name 'e' is not defined


test test_13 FAILED (0 of 1)
 (Changes made to mmapped memory should not be reflected in file when MAP_PRIVATE is set)
 Unexpected exception name 'e' is not defined

starting test_14

**********************************************************************

Test test_14
Child should access file data with MAP_PRIVATE flag

**********************************************************************
Running xv6 user progam /home/cs537-1/tests/P5/ctests/test_14.c
Trying to build project using make
make xv6.img fs.img
/tmp/tmp4qg87fqn/p/Makefile
/tmp/tmp4qg87fqn/p/Makefile.test
make: 'xv6.img' is up to date.
make: 'fs.img' is up to date.
make qemu-nox CPUS=1
gcc -fno-pic -static -fno-builtin -fno-strict-aliasing -O2 -Wall -MD -ggdb -m32 -Werror -fno-omit-frame-pointer -fno-stack-protector -fno-pie -no-pie   -c -o tester.o tester.c
[01m[Ktester.c:4:10:[m[K [01;31m[Kfatal error: [m[Kmmap.h: No such file or directory
    4 | #include [01;31m[K"mmap.h"[m[K
      |          [01;31m[K^~~~~~~~[m[K
compilation terminated.
make: *** [<builtin>: tester.o] Error 1
Traceback (most recent call last):
  File "/home/cs537-1/tests/P5/testing/pexpect.py", line 828, in read_nonblocking
    s = os.read(self.child_fd, size)
OSError: [Errno 5] Input/output error

During handling of the above exception, another exception occurred:

Traceback (most recent call last):
  File "/home/cs537-1/tests/P5/testing/pexpect.py", line 1377, in expect_loop
    c = self.read_nonblocking (self.maxread, timeout)
  File "/home/cs537-1/tests/P5/testing/pexpect.py", line 829, in read_nonblocking
    except OSError(e): # Linux does this
TypeError: catching classes that do not inherit from BaseException is not allowed

During handling of the above exception, another exception occurred:

NameError: name 'e' is not defined


test test_14 FAILED (0 of 1)
 (Child should access file data with MAP_PRIVATE flag)
 Unexpected exception name 'e' is not defined

starting test_15

**********************************************************************

Test test_15
Parent should not see child mofications to memory with MAP_PRIVATE

**********************************************************************
Running xv6 user progam /home/cs537-1/tests/P5/ctests/test_15.c
Trying to build project using make
make xv6.img fs.img
/tmp/tmp4qg87fqn/p/Makefile
/tmp/tmp4qg87fqn/p/Makefile.test
make: 'xv6.img' is up to date.
make: 'fs.img' is up to date.
make qemu-nox CPUS=1
gcc -fno-pic -static -fno-builtin -fno-strict-aliasing -O2 -Wall -MD -ggdb -m32 -Werror -fno-omit-frame-pointer -fno-stack-protector -fno-pie -no-pie   -c -o tester.o tester.c
[01m[Ktester.c:4:10:[m[K [01;31m[Kfatal error: [m[Kmmap.h: No such file or directory
    4 | #include [01;31m[K"mmap.h"[m[K
      |          [01;31m[K^~~~~~~~[m[K
compilation terminated.
make: *** [<builtin>: tester.o] Error 1
Traceback (most recent call last):
  File "/home/cs537-1/tests/P5/testing/pexpect.py", line 828, in read_nonblocking
    s = os.read(self.child_fd, size)
OSError: [Errno 5] Input/output error

During handling of the above exception, another exception occurred:

Traceback (most recent call last):
  File "/home/cs537-1/tests/P5/testing/pexpect.py", line 1377, in expect_loop
    c = self.read_nonblocking (self.maxread, timeout)
  File "/home/cs537-1/tests/P5/testing/pexpect.py", line 829, in read_nonblocking
    except OSError(e): # Linux does this
TypeError: catching classes that do not inherit from BaseException is not allowed

During handling of the above exception, another exception occurred:

NameError: name 'e' is not defined


test test_15 FAILED (0 of 1)
 (Parent should not see child mofications to memory with MAP_PRIVATE)
 Unexpected exception name 'e' is not defined

**********************************************************************
Summary:
test build PASSED
 (build xv6 using make)

test test_1 FAILED (0 of 1)
 (Simple mmap with MAP_ANON | MAP_FIXED)
 Unexpected exception name 'e' is not defined

test test_2 FAILED (0 of 1)
 (Simple mmap/munmap with MAP_ANON | MAP_FIXED)
 Unexpected exception name 'e' is not defined

test test_3 FAILED (0 of 1)
 (Access the mmap memory allocated with MAP_ANON | MAP_FIXED, then munmap)
 Unexpected exception name 'e' is not defined

test test_4 FAILED (0 of 1)
 (Try mmap MAP_ANON without MAP_FIXED)
 Unexpected exception name 'e' is not defined

test test_5 FAILED (0 of 1)
 (Try to allocate memory with MAP_FIXED at an illegal address)
 Unexpected exception name 'e' is not defined

test test_6 FAILED (0 of 1)
 (mmap a file)
 Unexpected exception name 'e' is not defined

test test_7 FAILED (0 of 1)
 (Changes to the mmapped memory should be reflected in file after munmap)
 Unexpected exception name 'e' is not defined

test test_8 FAILED (0 of 1)
 (MAP_GROWSUP that adds a single page to anonymous mapping)
 Unexpected exception name 'e' is not defined

test test_9 FAILED (0 of 1)
 (MAP_GROWSUP with file-backed mapping)
 Unexpected exception name 'e' is not defined

test test_10 FAILED (0 of 1)
 (Try growing memory without MAP_GROWSUP - should segfault)
 Unexpected exception name 'e' is not defined

test test_11 FAILED (0 of 1)
 (Two MAP_GROWSUP mappings with a single guard page in between - the lower should not extend)
 Unexpected exception name 'e' is not defined

test test_12 FAILED (0 of 1)
 (Child access to parent mmap)
 Unexpected exception name 'e' is not defined

test test_13 FAILED (0 of 1)
 (Changes made to mmapped memory should not be reflected in file when MAP_PRIVATE is set)
 Unexpected exception name 'e' is not defined

test test_14 FAILED (0 of 1)
 (Child should access file data with MAP_PRIVATE flag)
 Unexpected exception name 'e' is not defined

test test_15 FAILED (0 of 1)
 (Parent should not see child mofications to memory with MAP_PRIVATE)
 Unexpected exception name 'e' is not defined

Passed 1 of 16 tests.
Overall 1 of 16
Points 0 of 15
